Using pre-set license
Built from '2020.3/release' branch; Version is '2020.3.12f1 (b3b2c6512326) revision 11776710'; Using compiler version '192528614'; Build Type 'Release'
OS: 'Windows 10 Pro; OS build 22000.556; Version 2009; 64bit' Language: 'en' Physical Memory: 16174 MB
BatchMode: 1, IsHumanControllingUs: 0, StartBugReporterOnCrash: 0, Is64bit: 1, IsPro: 0

 COMMAND LINE ARGUMENTS:
C:\Program Files\Unity\Hub\Editor\2020.3.12f1\Editor\Unity.exe
-adb2
-batchMode
-noUpm
-name
AssetImportWorker0
-projectPath
C:/Users/Omistaja/Documents/GitHub/ClanWar/ClanWar
-logFile
Logs/AssetImportWorker0.log
-srvPort
52213
Successfully changed project path to: C:/Users/Omistaja/Documents/GitHub/ClanWar/ClanWar
C:/Users/Omistaja/Documents/GitHub/ClanWar/ClanWar
Using Asset Import Pipeline V2.
Refreshing native plugins compatible for Editor in 44.76 ms, found 2 plugins.
Preloading 0 native plugins for Editor in 0.00 ms.
Initialize engine version: 2020.3.12f1 (b3b2c6512326)
[Subsystems] Discovering subsystems at path C:/Program Files/Unity/Hub/Editor/2020.3.12f1/Editor/Data/Resources/UnitySubsystems
[Subsystems] Discovering subsystems at path C:/Users/Omistaja/Documents/GitHub/ClanWar/ClanWar/Assets
GfxDevice: creating device client; threaded=0
Direct3D:
    Version:  Direct3D 11.0 [level 11.1]
    Renderer: NVIDIA GeForce RTX 2060 (ID=0x1f11)
    Vendor:   
    VRAM:     5980 MB
    Driver:   30.0.14.9709
Initialize mono
Mono path[0] = 'C:/Program Files/Unity/Hub/Editor/2020.3.12f1/Editor/Data/Managed'
Mono path[1] = 'C:/Program Files/Unity/Hub/Editor/2020.3.12f1/Editor/Data/MonoBleedingEdge/lib/mono/unityjit'
Mono config path = 'C:/Program Files/Unity/Hub/Editor/2020.3.12f1/Editor/Data/MonoBleedingEdge/etc'
Using monoOptions --debugger-agent=transport=dt_socket,embedding=1,server=y,suspend=n,address=127.0.0.1:56612
Begin MonoManager ReloadAssembly
Registering precompiled unity dll's ...
Register platform support module: C:/Program Files/Unity/Hub/Editor/2020.3.12f1/Editor/Data/PlaybackEngines/WebGLSupport/UnityEditor.WebGL.Extensions.dll
Register platform support module: C:/Program Files/Unity/Hub/Editor/2020.3.12f1/Editor/Data/PlaybackEngines/WindowsStandaloneSupport/UnityEditor.WindowsStandalone.Extensions.dll
Registered in 0.004896 seconds.
Native extension for WindowsStandalone target not found
Native extension for WebGL target not found
Refreshing native plugins compatible for Editor in 45.00 ms, found 2 plugins.
Preloading 0 native plugins for Editor in 0.00 ms.
Mono: successfully reloaded assembly
- Completed reload, in  5.099 seconds
Platform modules already initialized, skipping
Registering precompiled user dll's ...
Registered in 0.012735 seconds.
Begin MonoManager ReloadAssembly
Native extension for WindowsStandalone target not found
Native extension for WebGL target not found
Refreshing native plugins compatible for Editor in 0.52 ms, found 2 plugins.
Preloading 0 native plugins for Editor in 0.00 ms.
Mono: successfully reloaded assembly
- Completed reload, in  1.970 seconds
Platform modules already initialized, skipping
========================================================================
Worker process is ready to serve import requests
Launched and connected shader compiler UnityShaderCompiler.exe after 0.16 seconds
Refreshing native plugins compatible for Editor in 0.86 ms, found 2 plugins.
Preloading 0 native plugins for Editor in 0.00 ms.
Unloading 1526 Unused Serialized files (Serialized files now loaded: 0)
System memory in use before: 71.6 MB.
System memory in use after: 71.7 MB.

Unloading 20 unused Assets to reduce memory usage. Loaded Objects now: 1962.
Total: 5.058500 ms (FindLiveObjects: 0.182800 ms CreateObjectMapping: 0.078400 ms MarkObjects: 4.649200 ms  DeleteObjects: 0.145600 ms)

AssetImportParameters requested are different than current active one (requested -> active):
  custom:framework-win-MediaFoundation: 216162199b28c13a410421893ffa2e32 -> 
  custom:video-decoder-ogg-theora: a1e56fd34408186e4bbccfd4996cb3dc -> 
  custom:container-muxer-webm: aa71ff27fc2769a1b78a27578f13a17b -> 
  custom:container-demuxer-webm: 4f35f7cbe854078d1ac9338744f61a02 -> 
  custom:container-demuxer-ogg: 62fdf1f143b41e24485cea50d1cbac27 -> 
  custom:video-encoder-webm-vp8: eb34c28f22e8b96e1ab97ce403110664 -> 
  custom:video-decoder-webm-vp8: 9c59270c3fd7afecdb556c50c9e8de78 -> 
  custom:audio-decoder-ogg-vorbis: bf7c407c2cedff20999df2af8eb42d56 -> 
  custom:audio-encoder-webm-vorbis: bf7c407c2cedff20999df2af8eb42d56 -> 
========================================================================
Received Import Request.
  path: Assets/Prefab/UI
  artifactKey: Guid(d2c96b53acba7be4eb96c26c2b1b00b2) Importer(815301076,1909f56bfc062723c751e8b465ee728b)
Start importing Assets/Prefab/UI using Guid(d2c96b53acba7be4eb96c26c2b1b00b2) Importer(815301076,1909f56bfc062723c751e8b465ee728b)  -> (artifact id: '35da1daf7d074806921d269aa47c079b') in 0.014495 seconds 
  Import took 0.020853 seconds .

========================================================================
Received Import Request.
  Time since last request: 20.847668 seconds.
  path: Assets/Prefab/UI/StoreItem.prefab
  artifactKey: Guid(16767b7304eb605419216fb88f8b9499) Importer(815301076,1909f56bfc062723c751e8b465ee728b)
Start importing Assets/Prefab/UI/StoreItem.prefab using Guid(16767b7304eb605419216fb88f8b9499) Importer(815301076,1909f56bfc062723c751e8b465ee728b)  -> (artifact id: '78001bd24e15cbc79ce67b4042710cc0') in 0.148523 seconds 
  Import took 0.152914 seconds .

========================================================================
Received Import Request.
  Time since last request: 497.035183 seconds.
  path: Assets/Prefab/UI/StoreContents.prefab
  artifactKey: Guid(5738d38c52131c14b9e65428b4175500) Importer(815301076,1909f56bfc062723c751e8b465ee728b)
Start importing Assets/Prefab/UI/StoreContents.prefab using Guid(5738d38c52131c14b9e65428b4175500) Importer(815301076,1909f56bfc062723c751e8b465ee728b)  -> (artifact id: '98ce43ed26b1fa22d60a62b5363bff7d') in 0.023138 seconds 
  Import took 0.030405 seconds .

========================================================================
Received Import Request.
  Time since last request: 247.160275 seconds.
  path: Assets/Prefab/UI/StoreContents.prefab
  artifactKey: Guid(5738d38c52131c14b9e65428b4175500) Importer(815301076,1909f56bfc062723c751e8b465ee728b)
Start importing Assets/Prefab/UI/StoreContents.prefab using Guid(5738d38c52131c14b9e65428b4175500) Importer(815301076,1909f56bfc062723c751e8b465ee728b)  -> (artifact id: 'd9a355d05573da70d096cd4055f79d32') in 0.014777 seconds 
  Import took 0.021082 seconds .

========================================================================
Received Import Request.
  Time since last request: 717.141270 seconds.
  path: Assets/Scripts/Managers/database.cs
  artifactKey: Guid(4e808647433062f45aa5a962ee843872) Importer(815301076,1909f56bfc062723c751e8b465ee728b)
Start importing Assets/Scripts/Managers/database.cs using Guid(4e808647433062f45aa5a962ee843872) Importer(815301076,1909f56bfc062723c751e8b465ee728b)  -> (artifact id: '10a82e579ebe76a35c43ec113f99e8af') in 0.043366 seconds 
  Import took 0.054063 seconds .

========================================================================
Received Import Request.
  Time since last request: 66.256054 seconds.
  path: Assets/Scripts/Managers/database.cs
  artifactKey: Guid(4e808647433062f45aa5a962ee843872) Importer(815301076,1909f56bfc062723c751e8b465ee728b)
Start importing Assets/Scripts/Managers/database.cs using Guid(4e808647433062f45aa5a962ee843872) Importer(815301076,1909f56bfc062723c751e8b465ee728b)  -> (artifact id: 'c237432a1942072788ebd93d91f97d53') in 0.005592 seconds 
  Import took 0.018371 seconds .

========================================================================
Received Import Request.
  Time since last request: 0.009882 seconds.
  path: Assets/Scripts/Managers/database.cs
  artifactKey: Guid(4e808647433062f45aa5a962ee843872) Importer(815301076,1909f56bfc062723c751e8b465ee728b)
Start importing Assets/Scripts/Managers/database.cs using Guid(4e808647433062f45aa5a962ee843872) Importer(815301076,1909f56bfc062723c751e8b465ee728b)  -> (artifact id: 'c237432a1942072788ebd93d91f97d53') in 0.007411 seconds 
  Import took 0.014803 seconds .

========================================================================
Received Import Request.
  Time since last request: 4.593165 seconds.
  path: Assets/Scripts/Managers/database.cs
  artifactKey: Guid(4e808647433062f45aa5a962ee843872) Importer(815301076,1909f56bfc062723c751e8b465ee728b)
Start importing Assets/Scripts/Managers/database.cs using Guid(4e808647433062f45aa5a962ee843872) Importer(815301076,1909f56bfc062723c751e8b465ee728b)  -> (artifact id: '2042f3edf3b591f06d15863885ab7be5') in 0.027571 seconds 
  Import took 0.048413 seconds .

========================================================================
Received Import Request.
  Time since last request: 16.657424 seconds.
  path: Assets/Scripts/Managers/database.cs
  artifactKey: Guid(4e808647433062f45aa5a962ee843872) Importer(815301076,1909f56bfc062723c751e8b465ee728b)
Start importing Assets/Scripts/Managers/database.cs using Guid(4e808647433062f45aa5a962ee843872) Importer(815301076,1909f56bfc062723c751e8b465ee728b)  -> (artifact id: '3983e94c8da17c81958b48a96ac8749d') in 0.046071 seconds 
  Import took 0.086788 seconds .

========================================================================
Received Import Request.
  Time since last request: 4.201907 seconds.
  path: Assets/Scripts/Managers/database.cs
  artifactKey: Guid(4e808647433062f45aa5a962ee843872) Importer(815301076,1909f56bfc062723c751e8b465ee728b)
Start importing Assets/Scripts/Managers/database.cs using Guid(4e808647433062f45aa5a962ee843872) Importer(815301076,1909f56bfc062723c751e8b465ee728b)  -> (artifact id: 'e3348e1e15ec000e4f79b251761c14dd') in 0.008098 seconds 
  Import took 0.022985 seconds .

========================================================================
Received Import Request.
  Time since last request: 4.568153 seconds.
  path: Assets/Scripts/Managers/database.cs
  artifactKey: Guid(4e808647433062f45aa5a962ee843872) Importer(815301076,1909f56bfc062723c751e8b465ee728b)
Start importing Assets/Scripts/Managers/database.cs using Guid(4e808647433062f45aa5a962ee843872) Importer(815301076,1909f56bfc062723c751e8b465ee728b)  -> (artifact id: '46f0e3feebbe3def0a09b58e87a3f57f') in 0.011176 seconds 
  Import took 0.018327 seconds .

========================================================================
Received Import Request.
  Time since last request: 34.787956 seconds.
  path: Assets/Scripts/Managers/database.cs
  artifactKey: Guid(4e808647433062f45aa5a962ee843872) Importer(815301076,1909f56bfc062723c751e8b465ee728b)
Start importing Assets/Scripts/Managers/database.cs using Guid(4e808647433062f45aa5a962ee843872) Importer(815301076,1909f56bfc062723c751e8b465ee728b)  -> (artifact id: 'd23fb4f4c8ec9d08f1dfea7a584e6739') in 0.017511 seconds 
  Import took 0.027377 seconds .

========================================================================
Received Import Request.
  Time since last request: 0.004934 seconds.
  path: Assets/Scripts/Managers/database.cs
  artifactKey: Guid(4e808647433062f45aa5a962ee843872) Importer(815301076,1909f56bfc062723c751e8b465ee728b)
Start importing Assets/Scripts/Managers/database.cs using Guid(4e808647433062f45aa5a962ee843872) Importer(815301076,1909f56bfc062723c751e8b465ee728b)  -> (artifact id: 'd23fb4f4c8ec9d08f1dfea7a584e6739') in 0.008827 seconds 
  Import took 0.016390 seconds .

========================================================================
Received Import Request.
  Time since last request: 4.627553 seconds.
  path: Assets/Scripts/Managers/database.cs
  artifactKey: Guid(4e808647433062f45aa5a962ee843872) Importer(815301076,1909f56bfc062723c751e8b465ee728b)
Start importing Assets/Scripts/Managers/database.cs using Guid(4e808647433062f45aa5a962ee843872) Importer(815301076,1909f56bfc062723c751e8b465ee728b)  -> (artifact id: '8b1fc0505b18ec33fb8029b8f6cac5c5') in 0.007110 seconds 
  Import took 0.016878 seconds .

AssetImportWorkerClient::OnTransportError - code=2 error=End of file
