Using pre-set license
Built from '2020.3/release' branch; Version is '2020.3.12f1 (b3b2c6512326) revision 11776710'; Using compiler version '192528614'; Build Type 'Release'
OS: 'Windows 10 Pro; OS build 22000.556; Version 2009; 64bit' Language: 'en' Physical Memory: 16174 MB
BatchMode: 1, IsHumanControllingUs: 0, StartBugReporterOnCrash: 0, Is64bit: 1, IsPro: 0

 COMMAND LINE ARGUMENTS:
C:\Program Files\Unity\Hub\Editor\2020.3.12f1\Editor\Unity.exe
-adb2
-batchMode
-noUpm
-name
AssetImportWorker0
-projectPath
C:/Users/Omistaja/Documents/GitHub/ClanWar/ClanWar
-logFile
Logs/AssetImportWorker0.log
-srvPort
57916
Successfully changed project path to: C:/Users/Omistaja/Documents/GitHub/ClanWar/ClanWar
C:/Users/Omistaja/Documents/GitHub/ClanWar/ClanWar
Using Asset Import Pipeline V2.
Refreshing native plugins compatible for Editor in 29.19 ms, found 2 plugins.
Preloading 0 native plugins for Editor in 0.00 ms.
Initialize engine version: 2020.3.12f1 (b3b2c6512326)
[Subsystems] Discovering subsystems at path C:/Program Files/Unity/Hub/Editor/2020.3.12f1/Editor/Data/Resources/UnitySubsystems
[Subsystems] Discovering subsystems at path C:/Users/Omistaja/Documents/GitHub/ClanWar/ClanWar/Assets
GfxDevice: creating device client; threaded=0
Direct3D:
    Version:  Direct3D 11.0 [level 11.1]
    Renderer: NVIDIA GeForce RTX 2060 (ID=0x1f11)
    Vendor:   
    VRAM:     5980 MB
    Driver:   30.0.14.9709
Initialize mono
Mono path[0] = 'C:/Program Files/Unity/Hub/Editor/2020.3.12f1/Editor/Data/Managed'
Mono path[1] = 'C:/Program Files/Unity/Hub/Editor/2020.3.12f1/Editor/Data/MonoBleedingEdge/lib/mono/unityjit'
Mono config path = 'C:/Program Files/Unity/Hub/Editor/2020.3.12f1/Editor/Data/MonoBleedingEdge/etc'
Using monoOptions --debugger-agent=transport=dt_socket,embedding=1,server=y,suspend=n,address=127.0.0.1:56260
Begin MonoManager ReloadAssembly
Registering precompiled unity dll's ...
Register platform support module: C:/Program Files/Unity/Hub/Editor/2020.3.12f1/Editor/Data/PlaybackEngines/WebGLSupport/UnityEditor.WebGL.Extensions.dll
Register platform support module: C:/Program Files/Unity/Hub/Editor/2020.3.12f1/Editor/Data/PlaybackEngines/WindowsStandaloneSupport/UnityEditor.WindowsStandalone.Extensions.dll
Registered in 0.001838 seconds.
Native extension for WindowsStandalone target not found
Native extension for WebGL target not found
Refreshing native plugins compatible for Editor in 27.03 ms, found 2 plugins.
Preloading 0 native plugins for Editor in 0.00 ms.
Mono: successfully reloaded assembly
- Completed reload, in  1.726 seconds
Platform modules already initialized, skipping
Registering precompiled user dll's ...
Registered in 0.003044 seconds.
Begin MonoManager ReloadAssembly
Native extension for WindowsStandalone target not found
Native extension for WebGL target not found
Refreshing native plugins compatible for Editor in 0.28 ms, found 2 plugins.
Preloading 0 native plugins for Editor in 0.00 ms.
Mono: successfully reloaded assembly
- Completed reload, in  1.082 seconds
Platform modules already initialized, skipping
========================================================================
Worker process is ready to serve import requests
Launched and connected shader compiler UnityShaderCompiler.exe after 0.04 seconds
Refreshing native plugins compatible for Editor in 0.29 ms, found 2 plugins.
Preloading 0 native plugins for Editor in 0.00 ms.
Unloading 1526 Unused Serialized files (Serialized files now loaded: 0)
System memory in use before: 71.5 MB.
System memory in use after: 71.6 MB.

Unloading 20 unused Assets to reduce memory usage. Loaded Objects now: 1962.
Total: 1.808300 ms (FindLiveObjects: 0.127900 ms CreateObjectMapping: 0.040500 ms MarkObjects: 1.567000 ms  DeleteObjects: 0.071900 ms)

AssetImportParameters requested are different than current active one (requested -> active):
  custom:framework-win-MediaFoundation: 216162199b28c13a410421893ffa2e32 -> 
  custom:video-decoder-ogg-theora: a1e56fd34408186e4bbccfd4996cb3dc -> 
  custom:container-muxer-webm: aa71ff27fc2769a1b78a27578f13a17b -> 
  custom:container-demuxer-webm: 4f35f7cbe854078d1ac9338744f61a02 -> 
  custom:container-demuxer-ogg: 62fdf1f143b41e24485cea50d1cbac27 -> 
  custom:video-encoder-webm-vp8: eb34c28f22e8b96e1ab97ce403110664 -> 
  custom:video-decoder-webm-vp8: 9c59270c3fd7afecdb556c50c9e8de78 -> 
  custom:audio-decoder-ogg-vorbis: bf7c407c2cedff20999df2af8eb42d56 -> 
  custom:audio-encoder-webm-vorbis: bf7c407c2cedff20999df2af8eb42d56 -> 
========================================================================
Received Import Request.
  path: Assets/Game GUI Vol1/LazyDay/PNG/Info.png
  artifactKey: Guid(b7ceebf6d34824b7f844e3bbd52315d9) Importer(815301076,1909f56bfc062723c751e8b465ee728b)
Start importing Assets/Game GUI Vol1/LazyDay/PNG/Info.png using Guid(b7ceebf6d34824b7f844e3bbd52315d9) Importer(815301076,1909f56bfc062723c751e8b465ee728b)  -> (artifact id: 'd810dc197af06ee3d2980dfd9290e75a') in 0.124887 seconds 
  Import took 0.127898 seconds .

========================================================================
Received Import Request.
  Time since last request: 0.000255 seconds.
  path: Assets/Game GUI Vol1/LazyDay/PNG/Plus.png
  artifactKey: Guid(c8d539ab64074495eb2513d09bf5b3cf) Importer(815301076,1909f56bfc062723c751e8b465ee728b)
Start importing Assets/Game GUI Vol1/LazyDay/PNG/Plus.png using Guid(c8d539ab64074495eb2513d09bf5b3cf) Importer(815301076,1909f56bfc062723c751e8b465ee728b)  -> (artifact id: 'ce79fa176fdd67fbe63c405346504b21') in 0.015252 seconds 
  Import took 0.018077 seconds .

========================================================================
Received Import Request.
  Time since last request: 0.000205 seconds.
  path: Assets/Game GUI Vol1/LazyDay/PNG/Star.png
  artifactKey: Guid(48ef7593f17504acea11af90fd3e4d92) Importer(815301076,1909f56bfc062723c751e8b465ee728b)
Start importing Assets/Game GUI Vol1/LazyDay/PNG/Star.png using Guid(48ef7593f17504acea11af90fd3e4d92) Importer(815301076,1909f56bfc062723c751e8b465ee728b)  -> (artifact id: '722026d1ded3f04d05465ffa73bff4df') in 0.028233 seconds 
  Import took 0.031299 seconds .

========================================================================
Received Import Request.
  Time since last request: 0.000297 seconds.
  path: Assets/Game GUI Vol1/LazyDay/PNG/Shop.png
  artifactKey: Guid(36abed496fd744f97a71c25c6cd31f46) Importer(815301076,1909f56bfc062723c751e8b465ee728b)
Start importing Assets/Game GUI Vol1/LazyDay/PNG/Shop.png using Guid(36abed496fd744f97a71c25c6cd31f46) Importer(815301076,1909f56bfc062723c751e8b465ee728b)  -> (artifact id: '5aa87ae8b05f0b2ecf0f1f36d836f976') in 0.045111 seconds 
  Import took 0.047581 seconds .

========================================================================
Received Import Request.
  Time since last request: 0.000163 seconds.
  path: Assets/Game GUI Vol1/LazyDay/PNG/SoundOFF.png
  artifactKey: Guid(a7e1e81117197488db394021a1b04920) Importer(815301076,1909f56bfc062723c751e8b465ee728b)
Start importing Assets/Game GUI Vol1/LazyDay/PNG/SoundOFF.png using Guid(a7e1e81117197488db394021a1b04920) Importer(815301076,1909f56bfc062723c751e8b465ee728b)  -> (artifact id: 'bdfd03c91a6f6fcb5361599cbb7c92aa') in 0.018089 seconds 
  Import took 0.022265 seconds .

========================================================================
Received Import Request.
  Time since last request: 0.000314 seconds.
  path: Assets/Game GUI Vol1/LazyDay/PNG/Facebook.png
  artifactKey: Guid(f8fbcce33e10b4672b9cf19e5310a455) Importer(815301076,1909f56bfc062723c751e8b465ee728b)
Start importing Assets/Game GUI Vol1/LazyDay/PNG/Facebook.png using Guid(f8fbcce33e10b4672b9cf19e5310a455) Importer(815301076,1909f56bfc062723c751e8b465ee728b)  -> (artifact id: '611b859c7e7f3e24bd422d45a648c02b') in 0.014042 seconds 
  Import took 0.016909 seconds .

========================================================================
Received Import Request.
  Time since last request: 0.000465 seconds.
  path: Assets/Game GUI Vol1/LazyDay/PNG/Trophy.png
  artifactKey: Guid(0589d3eb4e6ef4d269663222f1a92efa) Importer(815301076,1909f56bfc062723c751e8b465ee728b)
Start importing Assets/Game GUI Vol1/LazyDay/PNG/Trophy.png using Guid(0589d3eb4e6ef4d269663222f1a92efa) Importer(815301076,1909f56bfc062723c751e8b465ee728b)  -> (artifact id: '0ed41c4864aca3e8e8366137fbb99aa2') in 0.011284 seconds 
  Import took 0.014622 seconds .

========================================================================
Received Import Request.
  Time since last request: 0.000276 seconds.
  path: Assets/Game GUI Vol1/LazyDay/PNG/GooglePlus.png
  artifactKey: Guid(b05742cfb10a34ccb8bfd16f85676a04) Importer(815301076,1909f56bfc062723c751e8b465ee728b)
Start importing Assets/Game GUI Vol1/LazyDay/PNG/GooglePlus.png using Guid(b05742cfb10a34ccb8bfd16f85676a04) Importer(815301076,1909f56bfc062723c751e8b465ee728b)  -> (artifact id: '566cb63975869bd58670f94703f0ba5b') in 0.011391 seconds 
  Import took 0.013807 seconds .

========================================================================
Received Import Request.
  Time since last request: 0.000262 seconds.
  path: Assets/Game GUI Vol1/LazyDay/PNG/LeftArrow2.png
  artifactKey: Guid(5cf7cc585e72f4a4f9589d76a3a891f0) Importer(815301076,1909f56bfc062723c751e8b465ee728b)
Start importing Assets/Game GUI Vol1/LazyDay/PNG/LeftArrow2.png using Guid(5cf7cc585e72f4a4f9589d76a3a891f0) Importer(815301076,1909f56bfc062723c751e8b465ee728b)  -> (artifact id: 'f034ee7d6171a5b2c76ca3272163bd9c') in 0.011319 seconds 
  Import took 0.014025 seconds .

========================================================================
Received Import Request.
  Time since last request: 0.000296 seconds.
  path: Assets/Game GUI Vol1/LazyDay/PNG/Pause.png
  artifactKey: Guid(ff645a4c999a14801b1a714a2087338a) Importer(815301076,1909f56bfc062723c751e8b465ee728b)
Start importing Assets/Game GUI Vol1/LazyDay/PNG/Pause.png using Guid(ff645a4c999a14801b1a714a2087338a) Importer(815301076,1909f56bfc062723c751e8b465ee728b)  -> (artifact id: '6d8ffa36bc717fe12957a24e0dc827f4') in 0.010762 seconds 
  Import took 0.013201 seconds .

========================================================================
Received Import Request.
  Time since last request: 0.000257 seconds.
  path: Assets/Game GUI Vol1/LazyDay
  artifactKey: Guid(25fefd08f02e9412ea797d6eaae90d6d) Importer(815301076,1909f56bfc062723c751e8b465ee728b)
Start importing Assets/Game GUI Vol1/LazyDay using Guid(25fefd08f02e9412ea797d6eaae90d6d) Importer(815301076,1909f56bfc062723c751e8b465ee728b)  -> (artifact id: '7b35b53193d0025d700629099e1a8853') in 0.004905 seconds 
  Import took 0.007205 seconds .

========================================================================
Received Import Request.
  Time since last request: 0.000271 seconds.
  path: Assets/Game GUI Vol1/LazyDay/PNG/UpArrow.png
  artifactKey: Guid(3629ce294ae2640b6a8137de2adde913) Importer(815301076,1909f56bfc062723c751e8b465ee728b)
Start importing Assets/Game GUI Vol1/LazyDay/PNG/UpArrow.png using Guid(3629ce294ae2640b6a8137de2adde913) Importer(815301076,1909f56bfc062723c751e8b465ee728b)  -> (artifact id: 'f2c541b12ccf1cdebbb5e8b0481e2be3') in 0.011083 seconds 
  Import took 0.013886 seconds .

========================================================================
Received Import Request.
  Time since last request: 0.000272 seconds.
  path: Assets/Game GUI Vol1/LazyDay/PNG/QuestionMark.png
  artifactKey: Guid(30f5dccc2573c4d85a74ad0aa5c40f20) Importer(815301076,1909f56bfc062723c751e8b465ee728b)
Start importing Assets/Game GUI Vol1/LazyDay/PNG/QuestionMark.png using Guid(30f5dccc2573c4d85a74ad0aa5c40f20) Importer(815301076,1909f56bfc062723c751e8b465ee728b)  -> (artifact id: '3ede00d4e4158d283d2a72d447593413') in 0.011518 seconds 
  Import took 0.014085 seconds .

========================================================================
Received Import Request.
  Time since last request: 0.000194 seconds.
  path: Assets/Game GUI Vol1/LazyDay/PNG/SoundON.png
  artifactKey: Guid(493fd7d0e626d4db091f50928058f0b8) Importer(815301076,1909f56bfc062723c751e8b465ee728b)
Start importing Assets/Game GUI Vol1/LazyDay/PNG/SoundON.png using Guid(493fd7d0e626d4db091f50928058f0b8) Importer(815301076,1909f56bfc062723c751e8b465ee728b)  -> (artifact id: '50fe7c3212cb1c4e896a4ccd52cb7a22') in 0.011608 seconds 
  Import took 0.013906 seconds .

========================================================================
Received Import Request.
  Time since last request: 0.000223 seconds.
  path: Assets/Game GUI Vol1/LazyDay/PNG/Settings.png
  artifactKey: Guid(25c2d239600db471aabc8ffa640bc0ae) Importer(815301076,1909f56bfc062723c751e8b465ee728b)
Start importing Assets/Game GUI Vol1/LazyDay/PNG/Settings.png using Guid(25c2d239600db471aabc8ffa640bc0ae) Importer(815301076,1909f56bfc062723c751e8b465ee728b)  -> (artifact id: '47b8ad81b35ad344b57c7eb5b7dbae9f') in 0.011051 seconds 
  Import took 0.013824 seconds .

========================================================================
Received Import Request.
  Time since last request: 0.000344 seconds.
  path: Assets/Game GUI Vol1/LazyDay/PNG/Backward.png
  artifactKey: Guid(64a5151e5a4ed4c8b9a85b7e853e6d2f) Importer(815301076,1909f56bfc062723c751e8b465ee728b)
Start importing Assets/Game GUI Vol1/LazyDay/PNG/Backward.png using Guid(64a5151e5a4ed4c8b9a85b7e853e6d2f) Importer(815301076,1909f56bfc062723c751e8b465ee728b)  -> (artifact id: '23d09cc73191098a870a7dd098587c2e') in 0.012189 seconds 
  Import took 0.015117 seconds .

========================================================================
Received Import Request.
  Time since last request: 0.000280 seconds.
  path: Assets/Game GUI Vol1
  artifactKey: Guid(98db88599b3f1da43a6476cef107d7c2) Importer(815301076,1909f56bfc062723c751e8b465ee728b)
Start importing Assets/Game GUI Vol1 using Guid(98db88599b3f1da43a6476cef107d7c2) Importer(815301076,1909f56bfc062723c751e8b465ee728b)  -> (artifact id: 'b3aef2ff55596121e8404c2f44e85819') in 0.004945 seconds 
  Import took 0.007679 seconds .

========================================================================
Received Import Request.
  Time since last request: 0.000297 seconds.
  path: Assets/Game GUI Vol1/LazyDay/PNG/Email.png
  artifactKey: Guid(1157603c9e47a409b9a75b91ff561c00) Importer(815301076,1909f56bfc062723c751e8b465ee728b)
Start importing Assets/Game GUI Vol1/LazyDay/PNG/Email.png using Guid(1157603c9e47a409b9a75b91ff561c00) Importer(815301076,1909f56bfc062723c751e8b465ee728b)  -> (artifact id: 'f9ada18b6123ee4dadde06e9d3e1fd8c') in 0.011855 seconds 
  Import took 0.014597 seconds .

========================================================================
Received Import Request.
  Time since last request: 0.000238 seconds.
  path: Assets/Game GUI Vol1/LazyDay/PNG/LeftArrow.png
  artifactKey: Guid(ce35983827a13452393a9e18298f9474) Importer(815301076,1909f56bfc062723c751e8b465ee728b)
Start importing Assets/Game GUI Vol1/LazyDay/PNG/LeftArrow.png using Guid(ce35983827a13452393a9e18298f9474) Importer(815301076,1909f56bfc062723c751e8b465ee728b)  -> (artifact id: '5f9147ef5dcef2118afe0ebabff2b875') in 0.011898 seconds 
  Import took 0.014935 seconds .

========================================================================
Received Import Request.
  Time since last request: 0.000282 seconds.
  path: Assets/Game GUI Vol1/LazyDay/PNG/Restart.png
  artifactKey: Guid(111d4f982ceb3429b821a87e5f3cc18a) Importer(815301076,1909f56bfc062723c751e8b465ee728b)
Start importing Assets/Game GUI Vol1/LazyDay/PNG/Restart.png using Guid(111d4f982ceb3429b821a87e5f3cc18a) Importer(815301076,1909f56bfc062723c751e8b465ee728b)  -> (artifact id: 'ff38acd8dd4a108ed185e36da0c10447') in 0.010877 seconds 
  Import took 0.013321 seconds .

========================================================================
Received Import Request.
  Time since last request: 0.000201 seconds.
  path: Assets/Game GUI Vol1/LazyDay/PNG/Home.png
  artifactKey: Guid(f7b138e135c0a45f18d51a95098940e6) Importer(815301076,1909f56bfc062723c751e8b465ee728b)
Start importing Assets/Game GUI Vol1/LazyDay/PNG/Home.png using Guid(f7b138e135c0a45f18d51a95098940e6) Importer(815301076,1909f56bfc062723c751e8b465ee728b)  -> (artifact id: '23e12ae2d1cdab7936f797b251858b5d') in 0.011619 seconds 
  Import took 0.013777 seconds .

========================================================================
Received Import Request.
  Time since last request: 0.000218 seconds.
  path: Assets/Game GUI Vol1/LazyDay/PNG/DownArrow.png
  artifactKey: Guid(4801c2af70dac4feebcefbb3e2f66fd7) Importer(815301076,1909f56bfc062723c751e8b465ee728b)
Start importing Assets/Game GUI Vol1/LazyDay/PNG/DownArrow.png using Guid(4801c2af70dac4feebcefbb3e2f66fd7) Importer(815301076,1909f56bfc062723c751e8b465ee728b)  -> (artifact id: '7bf5be9bb470ae0290c0c795f0f39386') in 0.013268 seconds 
  Import took 0.015393 seconds .

========================================================================
Received Import Request.
  Time since last request: 0.000271 seconds.
  path: Assets/Game GUI Vol1/LazyDay/PNG
  artifactKey: Guid(566e6e8c9f36d4f35993f7f2303858cc) Importer(815301076,1909f56bfc062723c751e8b465ee728b)
Start importing Assets/Game GUI Vol1/LazyDay/PNG using Guid(566e6e8c9f36d4f35993f7f2303858cc) Importer(815301076,1909f56bfc062723c751e8b465ee728b)  -> (artifact id: '6dcd5533ca24959381392987757f183c') in 0.005566 seconds 
  Import took 0.007679 seconds .

========================================================================
Received Import Request.
  Time since last request: 0.000257 seconds.
  path: Assets/Game GUI Vol1/LazyDay/PNG/RightArrow.png
  artifactKey: Guid(5e6fc93512f454c59be69ecc14788186) Importer(815301076,1909f56bfc062723c751e8b465ee728b)
Start importing Assets/Game GUI Vol1/LazyDay/PNG/RightArrow.png using Guid(5e6fc93512f454c59be69ecc14788186) Importer(815301076,1909f56bfc062723c751e8b465ee728b)  -> (artifact id: 'ca5cbb54c4476e46531aaa30665823ba') in 0.012004 seconds 
  Import took 0.015232 seconds .

========================================================================
Received Import Request.
  Time since last request: 0.000283 seconds.
  path: Assets/Game GUI Vol1/LazyDay/PNG/Twitter.png
  artifactKey: Guid(d6c546384b9de45718bfa37ad8251d25) Importer(815301076,1909f56bfc062723c751e8b465ee728b)
Start importing Assets/Game GUI Vol1/LazyDay/PNG/Twitter.png using Guid(d6c546384b9de45718bfa37ad8251d25) Importer(815301076,1909f56bfc062723c751e8b465ee728b)  -> (artifact id: '4e6a703f98627fd2dc85ad11cb6c0ebb') in 0.012090 seconds 
  Import took 0.014459 seconds .

========================================================================
Received Import Request.
  Time since last request: 0.000217 seconds.
  path: Assets/Game GUI Vol1/LazyDay/PNG/Minus.png
  artifactKey: Guid(7b3ddb33100024118b0f6b51cbb6e7c4) Importer(815301076,1909f56bfc062723c751e8b465ee728b)
Start importing Assets/Game GUI Vol1/LazyDay/PNG/Minus.png using Guid(7b3ddb33100024118b0f6b51cbb6e7c4) Importer(815301076,1909f56bfc062723c751e8b465ee728b)  -> (artifact id: '85f6efa7053b832a7d25d04b6417407b') in 0.012198 seconds 
  Import took 0.014820 seconds .

========================================================================
Received Import Request.
  Time since last request: 0.000330 seconds.
  path: Assets/Game GUI Vol1/LazyDay/PNG/Cancel.png
  artifactKey: Guid(1c8431185995a43f4a7544bcb872b5db) Importer(815301076,1909f56bfc062723c751e8b465ee728b)
Start importing Assets/Game GUI Vol1/LazyDay/PNG/Cancel.png using Guid(1c8431185995a43f4a7544bcb872b5db) Importer(815301076,1909f56bfc062723c751e8b465ee728b)  -> (artifact id: 'cbe27980c49685e498c31f7fad873a79') in 0.013121 seconds 
  Import took 0.015711 seconds .

========================================================================
Received Import Request.
  Time since last request: 0.000244 seconds.
  path: Assets/Game GUI Vol1/LazyDay/PNG/RightArrow2.png
  artifactKey: Guid(158d9e70551a94b70b0ef8b0ff7e3183) Importer(815301076,1909f56bfc062723c751e8b465ee728b)
Start importing Assets/Game GUI Vol1/LazyDay/PNG/RightArrow2.png using Guid(158d9e70551a94b70b0ef8b0ff7e3183) Importer(815301076,1909f56bfc062723c751e8b465ee728b)  -> (artifact id: '51841550a3b014862eb310e935b0408f') in 0.013105 seconds 
  Import took 0.018316 seconds .

========================================================================
Received Import Request.
  Time since last request: 0.000201 seconds.
  path: Assets/Game GUI Vol1/LazyDay/PNG/Dollar.png
  artifactKey: Guid(5e32ac25d1d1749bd8ad276098500aa1) Importer(815301076,1909f56bfc062723c751e8b465ee728b)
Start importing Assets/Game GUI Vol1/LazyDay/PNG/Dollar.png using Guid(5e32ac25d1d1749bd8ad276098500aa1) Importer(815301076,1909f56bfc062723c751e8b465ee728b)  -> (artifact id: 'cbee97b5d76715f70074c557b30111a4') in 0.015234 seconds 
  Import took 0.018374 seconds .

========================================================================
Received Import Request.
  Time since last request: 0.000309 seconds.
  path: Assets/Game GUI Vol1/LazyDay/PNG/Gamecenter.png
  artifactKey: Guid(e854657a70607456195b05e45d4ed4b5) Importer(815301076,1909f56bfc062723c751e8b465ee728b)
Start importing Assets/Game GUI Vol1/LazyDay/PNG/Gamecenter.png using Guid(e854657a70607456195b05e45d4ed4b5) Importer(815301076,1909f56bfc062723c751e8b465ee728b)  -> (artifact id: '137839f3515d9e5e6c8e77d2ffbc6710') in 0.012501 seconds 
  Import took 0.015781 seconds .

========================================================================
Received Import Request.
  Time since last request: 0.000283 seconds.
  path: Assets/Game GUI Vol1/LazyDay/PNG/Forward.png
  artifactKey: Guid(2cb44f2ba74d44feaa8292079e48c93d) Importer(815301076,1909f56bfc062723c751e8b465ee728b)
Start importing Assets/Game GUI Vol1/LazyDay/PNG/Forward.png using Guid(2cb44f2ba74d44feaa8292079e48c93d) Importer(815301076,1909f56bfc062723c751e8b465ee728b)  -> (artifact id: 'bf3bcf1eb63099573eb6c4a7382633c8') in 0.011439 seconds 
  Import took 0.013817 seconds .

========================================================================
Received Import Request.
  Time since last request: 0.000220 seconds.
  path: Assets/Game GUI Vol1/LazyDay/PNG/Menu.png
  artifactKey: Guid(b3e86ce34507f4309b0dba14987a34d0) Importer(815301076,1909f56bfc062723c751e8b465ee728b)
Start importing Assets/Game GUI Vol1/LazyDay/PNG/Menu.png using Guid(b3e86ce34507f4309b0dba14987a34d0) Importer(815301076,1909f56bfc062723c751e8b465ee728b)  -> (artifact id: 'f3576b037d34f6a3d06e297bf10f20dd') in 0.012424 seconds 
  Import took 0.014930 seconds .

========================================================================
Received Import Request.
  Time since last request: 0.000281 seconds.
  path: Assets/Game GUI Vol1/LazyDay/PNG/Play.png
  artifactKey: Guid(fc3341b3f1dac464baa311991f5499e0) Importer(815301076,1909f56bfc062723c751e8b465ee728b)
Start importing Assets/Game GUI Vol1/LazyDay/PNG/Play.png using Guid(fc3341b3f1dac464baa311991f5499e0) Importer(815301076,1909f56bfc062723c751e8b465ee728b)  -> (artifact id: 'b078a43ee32f48c65ec765dd6c1b27ae') in 0.012975 seconds 
  Import took 0.015351 seconds .

========================================================================
Received Import Request.
  Time since last request: 54.210877 seconds.
  path: Assets/Game GUI Vol1/LazyDay/PNG/Trophy.png
  artifactKey: Guid(0589d3eb4e6ef4d269663222f1a92efa) Importer(815301076,1909f56bfc062723c751e8b465ee728b)
Start importing Assets/Game GUI Vol1/LazyDay/PNG/Trophy.png using Guid(0589d3eb4e6ef4d269663222f1a92efa) Importer(815301076,1909f56bfc062723c751e8b465ee728b)  -> (artifact id: '73205c0354680e0b597a633d80d9251d') in 0.016731 seconds 
  Import took 0.020327 seconds .

========================================================================
Received Import Request.
  Time since last request: 3.779248 seconds.
  path: Assets/PlayFabEditorExtensions/Editor/UI/Images/checkmark.png
  artifactKey: Guid(1f806a850e4ff264eafc4935f65793b8) Importer(815301076,1909f56bfc062723c751e8b465ee728b)
Start importing Assets/PlayFabEditorExtensions/Editor/UI/Images/checkmark.png using Guid(1f806a850e4ff264eafc4935f65793b8) Importer(815301076,1909f56bfc062723c751e8b465ee728b)  -> (artifact id: 'cebec742c80a879604b298cb1c2f7b88') in 0.020837 seconds 
  Import took 0.023356 seconds .

========================================================================
Received Import Request.
  Time since last request: 0.000404 seconds.
  path: Assets/PlayFabEditorExtensions/Editor/UI/Images/checkmark_off.png
  artifactKey: Guid(d20c53c8cad21024091aeed0b9bf2a0e) Importer(815301076,1909f56bfc062723c751e8b465ee728b)
Start importing Assets/PlayFabEditorExtensions/Editor/UI/Images/checkmark_off.png using Guid(d20c53c8cad21024091aeed0b9bf2a0e) Importer(815301076,1909f56bfc062723c751e8b465ee728b)  -> (artifact id: '5fd88be3e396e11655c5155a4d96bb1e') in 0.029083 seconds 
  Import took 0.032236 seconds .

========================================================================
Received Import Request.
  Time since last request: 0.000314 seconds.
  path: Assets/PlayFabEditorExtensions/Editor/UI/Images/playfablogo.png
  artifactKey: Guid(77e37f7fe73c7db4d9a1702eb4ad411b) Importer(815301076,1909f56bfc062723c751e8b465ee728b)
Start importing Assets/PlayFabEditorExtensions/Editor/UI/Images/playfablogo.png using Guid(77e37f7fe73c7db4d9a1702eb4ad411b) Importer(815301076,1909f56bfc062723c751e8b465ee728b)  -> (artifact id: '22e7918585a47fb7b9fdb6bf4c478ff8') in 0.021531 seconds 
  Import took 0.023669 seconds .

========================================================================
Received Import Request.
  Time since last request: 0.000235 seconds.
  path: Assets/PlayFabEditorExtensions/Editor/UI/Images/dashboardIcon.png
  artifactKey: Guid(4f1db872b2efa324c806fcbb54e19e1c) Importer(815301076,1909f56bfc062723c751e8b465ee728b)
Start importing Assets/PlayFabEditorExtensions/Editor/UI/Images/dashboardIcon.png using Guid(4f1db872b2efa324c806fcbb54e19e1c) Importer(815301076,1909f56bfc062723c751e8b465ee728b)  -> (artifact id: '017000bbcc136cdcf5a45df16fdc4dd1') in 0.024170 seconds 
  Import took 0.027121 seconds .

========================================================================
Received Import Request.
  Time since last request: 0.000304 seconds.
  path: Assets/PlayFabEditorExtensions/Editor/UI/Images/dashboardIconHover.png
  artifactKey: Guid(b43817ee9dda16c41a628a705526a021) Importer(815301076,1909f56bfc062723c751e8b465ee728b)
Start importing Assets/PlayFabEditorExtensions/Editor/UI/Images/dashboardIconHover.png using Guid(b43817ee9dda16c41a628a705526a021) Importer(815301076,1909f56bfc062723c751e8b465ee728b)  -> (artifact id: '00e58e090290fc99ab3c50ed969ca12f') in 0.019588 seconds 
  Import took 0.022374 seconds .

========================================================================
Received Import Request.
  Time since last request: 0.000329 seconds.
  path: Assets/PlayFabEditorExtensions/Editor/UI/Images/checkmark_on.png
  artifactKey: Guid(a2f13c216f2649d49b892cade7f4e5f0) Importer(815301076,1909f56bfc062723c751e8b465ee728b)
Start importing Assets/PlayFabEditorExtensions/Editor/UI/Images/checkmark_on.png using Guid(a2f13c216f2649d49b892cade7f4e5f0) Importer(815301076,1909f56bfc062723c751e8b465ee728b)  -> (artifact id: '2bd6d3c2ee485e43751f76956661ff84') in 0.017808 seconds 
  Import took 0.020152 seconds .

========================================================================
Received Import Request.
  Time since last request: 0.000242 seconds.
  path: Assets/PlayFabSDK/Shared/Editor/PlayFablogo.png
  artifactKey: Guid(ec8f5065b10fb4f04bebf82a992c442e) Importer(815301076,1909f56bfc062723c751e8b465ee728b)
Start importing Assets/PlayFabSDK/Shared/Editor/PlayFablogo.png using Guid(ec8f5065b10fb4f04bebf82a992c442e) Importer(815301076,1909f56bfc062723c751e8b465ee728b)  -> (artifact id: '3e771ed6862d781d9ce5726f01d6f2de') in 0.013108 seconds 
  Import took 0.015292 seconds .

========================================================================
Received Import Request.
  Time since last request: 0.000333 seconds.
  path: Assets/PlayFabEditorExtensions/Editor/UI/Images/checkmark.png
  artifactKey: Guid(1f806a850e4ff264eafc4935f65793b8) Importer(815301076,1909f56bfc062723c751e8b465ee728b)
Start importing Assets/PlayFabEditorExtensions/Editor/UI/Images/checkmark.png using Guid(1f806a850e4ff264eafc4935f65793b8) Importer(815301076,1909f56bfc062723c751e8b465ee728b)  -> (artifact id: 'cebec742c80a879604b298cb1c2f7b88') in 0.013976 seconds 
  Import took 0.016254 seconds .

========================================================================
Received Import Request.
  Time since last request: 0.000205 seconds.
  path: Assets/PlayFabSDK/Shared/Editor/PlayFablogo.png
  artifactKey: Guid(ec8f5065b10fb4f04bebf82a992c442e) Importer(815301076,1909f56bfc062723c751e8b465ee728b)
Start importing Assets/PlayFabSDK/Shared/Editor/PlayFablogo.png using Guid(ec8f5065b10fb4f04bebf82a992c442e) Importer(815301076,1909f56bfc062723c751e8b465ee728b)  -> (artifact id: '3e771ed6862d781d9ce5726f01d6f2de') in 0.006287 seconds 
  Import took 0.008521 seconds .

========================================================================
Received Import Request.
  Time since last request: 416.851555 seconds.
  path: Assets/Scripts/Managers/UiManager.cs
  artifactKey: Guid(09bbc7778af11ab41b29ec72688c5913) Importer(815301076,1909f56bfc062723c751e8b465ee728b)
Start importing Assets/Scripts/Managers/UiManager.cs using Guid(09bbc7778af11ab41b29ec72688c5913) Importer(815301076,1909f56bfc062723c751e8b465ee728b)  -> (artifact id: '451b2169e3094eb7094a3ad1a0bb5925') in 0.011202 seconds 
  Import took 0.014432 seconds .

========================================================================
Received Import Request.
  Time since last request: 0.001942 seconds.
  path: Assets/Scripts/Managers/UiManager.cs
  artifactKey: Guid(09bbc7778af11ab41b29ec72688c5913) Importer(815301076,1909f56bfc062723c751e8b465ee728b)
Start importing Assets/Scripts/Managers/UiManager.cs using Guid(09bbc7778af11ab41b29ec72688c5913) Importer(815301076,1909f56bfc062723c751e8b465ee728b)  -> (artifact id: '451b2169e3094eb7094a3ad1a0bb5925') in 0.001975 seconds 
  Import took 0.004282 seconds .

========================================================================
Received Import Request.
  Time since last request: 34.995072 seconds.
  path: Assets/Scripts/Managers/UiManager.cs
  artifactKey: Guid(09bbc7778af11ab41b29ec72688c5913) Importer(815301076,1909f56bfc062723c751e8b465ee728b)
Start importing Assets/Scripts/Managers/UiManager.cs using Guid(09bbc7778af11ab41b29ec72688c5913) Importer(815301076,1909f56bfc062723c751e8b465ee728b)  -> (artifact id: 'fb40094bfffaedc3b53c5f8ff81a7027') in 0.023275 seconds 
  Import took 0.031079 seconds .

========================================================================
Received Import Request.
  Time since last request: 0.001616 seconds.
  path: Assets/Scripts/Managers/UiManager.cs
  artifactKey: Guid(09bbc7778af11ab41b29ec72688c5913) Importer(815301076,1909f56bfc062723c751e8b465ee728b)
Start importing Assets/Scripts/Managers/UiManager.cs using Guid(09bbc7778af11ab41b29ec72688c5913) Importer(815301076,1909f56bfc062723c751e8b465ee728b)  -> (artifact id: 'fb40094bfffaedc3b53c5f8ff81a7027') in 0.005367 seconds 
  Import took 0.011317 seconds .

========================================================================
Received Import Request.
  Time since last request: 4.396702 seconds.
  path: Assets/Scripts/Managers/UiManager.cs
  artifactKey: Guid(09bbc7778af11ab41b29ec72688c5913) Importer(815301076,1909f56bfc062723c751e8b465ee728b)
Start importing Assets/Scripts/Managers/UiManager.cs using Guid(09bbc7778af11ab41b29ec72688c5913) Importer(815301076,1909f56bfc062723c751e8b465ee728b)  -> (artifact id: 'f28cdc86b38e4ef05b778d968888e0bc') in 0.003397 seconds 
  Import took 0.008357 seconds .

========================================================================
Received Prepare
Registering precompiled user dll's ...
Registered in 0.003135 seconds.
Begin MonoManager ReloadAssembly
Native extension for WindowsStandalone target not found
Native extension for WebGL target not found
Refreshing native plugins compatible for Editor in 0.32 ms, found 2 plugins.
Preloading 0 native plugins for Editor in 0.00 ms.
Mono: successfully reloaded assembly
- Completed reload, in  1.261 seconds
Platform modules already initialized, skipping
Switching build target platform(19) subTarget(0) extendedPlatform(0) -> platform(13) subTarget(537395200) extendedPlatform(0)
Refreshing native plugins compatible for Editor in 0.35 ms, found 2 plugins.
Preloading 0 native plugins for Editor in 0.00 ms.
Unloading 1522 Unused Serialized files (Serialized files now loaded: 0)
System memory in use before: 74.6 MB.
System memory in use after: 74.6 MB.

Unloading 15 unused Assets to reduce memory usage. Loaded Objects now: 1980.
Total: 2.178500 ms (FindLiveObjects: 0.162400 ms CreateObjectMapping: 0.045800 ms MarkObjects: 1.915400 ms  DeleteObjects: 0.053700 ms)

AssetImportParameters requested are different than current active one (requested -> active):
  custom:framework-win-MediaFoundation: 216162199b28c13a410421893ffa2e32 -> 
  custom:video-decoder-ogg-theora: a1e56fd34408186e4bbccfd4996cb3dc -> 
  custom:container-muxer-webm: aa71ff27fc2769a1b78a27578f13a17b -> 
  custom:container-demuxer-webm: 4f35f7cbe854078d1ac9338744f61a02 -> 
  custom:container-demuxer-ogg: 62fdf1f143b41e24485cea50d1cbac27 -> 
  custom:video-encoder-webm-vp8: eb34c28f22e8b96e1ab97ce403110664 -> 
  custom:video-decoder-webm-vp8: 9c59270c3fd7afecdb556c50c9e8de78 -> 
  custom:graphics/normal-map-encoding: 01000000000000000000000000000000 -> 02000000000000000000000000000000
  custom:audio-decoder-ogg-vorbis: bf7c407c2cedff20999df2af8eb42d56 -> 
  custom:audio-encoder-webm-vorbis: bf7c407c2cedff20999df2af8eb42d56 -> 
========================================================================
Received Prepare
Registering precompiled user dll's ...
Registered in 0.004017 seconds.
Begin MonoManager ReloadAssembly
Native extension for WindowsStandalone target not found
Native extension for WebGL target not found
Refreshing native plugins compatible for Editor in 0.33 ms, found 2 plugins.
Preloading 0 native plugins for Editor in 0.00 ms.
Mono: successfully reloaded assembly
- Completed reload, in  1.214 seconds
Platform modules already initialized, skipping
Switching build target platform(19) subTarget(0) extendedPlatform(0) -> platform(13) subTarget(537395200) extendedPlatform(0)
Refreshing native plugins compatible for Editor in 0.29 ms, found 2 plugins.
Preloading 0 native plugins for Editor in 0.00 ms.
Unloading 1522 Unused Serialized files (Serialized files now loaded: 0)
System memory in use before: 74.6 MB.
System memory in use after: 74.7 MB.

Unloading 15 unused Assets to reduce memory usage. Loaded Objects now: 1984.
Total: 2.756200 ms (FindLiveObjects: 0.138100 ms CreateObjectMapping: 0.046200 ms MarkObjects: 2.505800 ms  DeleteObjects: 0.064800 ms)

AssetImportParameters requested are different than current active one (requested -> active):
  custom:framework-win-MediaFoundation: 216162199b28c13a410421893ffa2e32 -> 
  custom:video-decoder-ogg-theora: a1e56fd34408186e4bbccfd4996cb3dc -> 
  custom:container-muxer-webm: aa71ff27fc2769a1b78a27578f13a17b -> 
  custom:container-demuxer-webm: 4f35f7cbe854078d1ac9338744f61a02 -> 
  custom:container-demuxer-ogg: 62fdf1f143b41e24485cea50d1cbac27 -> 
  custom:video-encoder-webm-vp8: eb34c28f22e8b96e1ab97ce403110664 -> 
  custom:video-decoder-webm-vp8: 9c59270c3fd7afecdb556c50c9e8de78 -> 
  custom:graphics/normal-map-encoding: 01000000000000000000000000000000 -> 02000000000000000000000000000000
  custom:audio-decoder-ogg-vorbis: bf7c407c2cedff20999df2af8eb42d56 -> 
  custom:audio-encoder-webm-vorbis: bf7c407c2cedff20999df2af8eb42d56 -> 
========================================================================
Received Import Request.
  Time since last request: 4556.435990 seconds.
  path: Assets/Scripts/Managers/UiManager.cs
  artifactKey: Guid(09bbc7778af11ab41b29ec72688c5913) Importer(815301076,1909f56bfc062723c751e8b465ee728b)
Start importing Assets/Scripts/Managers/UiManager.cs using Guid(09bbc7778af11ab41b29ec72688c5913) Importer(815301076,1909f56bfc062723c751e8b465ee728b)  -> (artifact id: '1402ff5ad1ad50a4fc147cb18cba4535') in 0.007951 seconds 
  Import took 0.010542 seconds .

========================================================================
Received Import Request.
  Time since last request: 3729.144598 seconds.
  path: Assets/Scripts/GameConstants.cs
  artifactKey: Guid(1467d8b6c643fe0429f1485457040fde) Importer(815301076,1909f56bfc062723c751e8b465ee728b)
Start importing Assets/Scripts/GameConstants.cs using Guid(1467d8b6c643fe0429f1485457040fde) Importer(815301076,1909f56bfc062723c751e8b465ee728b)  -> (artifact id: '82183a5dff05111ebfcb75bcfdf1b188') in 0.011961 seconds 
  Import took 0.088747 seconds .

========================================================================
Received Prepare
Registering precompiled user dll's ...
Registered in 0.004183 seconds.
Begin MonoManager ReloadAssembly
Native extension for WindowsStandalone target not found
Native extension for WebGL target not found
Refreshing native plugins compatible for Editor in 0.38 ms, found 2 plugins.
Preloading 0 native plugins for Editor in 0.00 ms.
Mono: successfully reloaded assembly
- Completed reload, in  2.136 seconds
Platform modules already initialized, skipping
Switching build target platform(19) subTarget(0) extendedPlatform(0) -> platform(13) subTarget(537395200) extendedPlatform(0)
Refreshing native plugins compatible for Editor in 0.32 ms, found 2 plugins.
Preloading 0 native plugins for Editor in 0.00 ms.
Unloading 1522 Unused Serialized files (Serialized files now loaded: 0)
System memory in use before: 74.6 MB.
System memory in use after: 74.7 MB.

Unloading 15 unused Assets to reduce memory usage. Loaded Objects now: 1988.
Total: 1.882800 ms (FindLiveObjects: 0.141200 ms CreateObjectMapping: 0.045300 ms MarkObjects: 1.611100 ms  DeleteObjects: 0.084100 ms)

AssetImportParameters requested are different than current active one (requested -> active):
  custom:framework-win-MediaFoundation: 216162199b28c13a410421893ffa2e32 -> 
  custom:video-decoder-ogg-theora: a1e56fd34408186e4bbccfd4996cb3dc -> 
  custom:container-muxer-webm: aa71ff27fc2769a1b78a27578f13a17b -> 
  custom:container-demuxer-webm: 4f35f7cbe854078d1ac9338744f61a02 -> 
  custom:container-demuxer-ogg: 62fdf1f143b41e24485cea50d1cbac27 -> 
  custom:video-encoder-webm-vp8: eb34c28f22e8b96e1ab97ce403110664 -> 
  custom:video-decoder-webm-vp8: 9c59270c3fd7afecdb556c50c9e8de78 -> 
  custom:graphics/normal-map-encoding: 01000000000000000000000000000000 -> 02000000000000000000000000000000
  custom:audio-decoder-ogg-vorbis: bf7c407c2cedff20999df2af8eb42d56 -> 
  custom:audio-encoder-webm-vorbis: bf7c407c2cedff20999df2af8eb42d56 -> 
AssetImportWorkerClient::OnTransportError - code=2 error=End of file
